This is pdfTeX, Version 3.14159265-2.6-1.40.15 (TeX Live 2014/W32TeX) (preloaded format=pdflatex 2015.5.29)  6 APR 2016 20:16
entering extended mode
 restricted \write18 enabled.
 %&-line parsing enabled.
**NumberTheory.tex
(./NumberTheory.tex
LaTeX2e <2014/05/01>
Babel <3.9l> and hyphenation patterns for 79 languages loaded.
(c:/texlive/2014/texmf-dist/tex/latex/base/book.cls
Document Class: book 2014/09/29 v1.4h Standard LaTeX document class
(c:/texlive/2014/texmf-dist/tex/latex/base/bk12.clo
File: bk12.clo 2014/09/29 v1.4h Standard LaTeX file (size option)
)
\c@part=\count79
\c@chapter=\count80
\c@section=\count81
\c@subsection=\count82
\c@subsubsection=\count83
\c@paragraph=\count84
\c@subparagraph=\count85
\c@figure=\count86
\c@table=\count87
\abovecaptionskip=\skip41
\belowcaptionskip=\skip42
\bibindent=\dimen102
)
(c:/texlive/2014/texmf-dist/tex/latex/psnfss/times.sty
Package: times 2005/04/12 PSNFSS-v9.2a (SPQR) 
)
(c:/texlive/2014/texmf-dist/tex/latex/amscls/amsthm.sty
Package: amsthm 2009/07/02 v2.20.1
\thm@style=\toks14
\thm@bodyfont=\toks15
\thm@headfont=\toks16
\thm@notefont=\toks17
\thm@headpunct=\toks18
\thm@preskip=\skip43
\thm@postskip=\skip44
\thm@headsep=\skip45
\dth@everypar=\toks19
)
(c:/texlive/2014/texmf-dist/tex/latex/base/makeidx.sty
Package: makeidx 2014/09/29 v1.0m Standard LaTeX package
)
(c:/texlive/2014/texmf-dist/tex/latex/amsmath/amsmath.sty
Package: amsmath 2013/01/14 v2.14 AMS math features
\@mathmargin=\skip46

For additional information on amsmath, use the `?' option.
(c:/texlive/2014/texmf-dist/tex/latex/amsmath/amstext.sty
Package: amstext 2000/06/29 v2.01

(c:/texlive/2014/texmf-dist/tex/latex/amsmath/amsgen.sty
File: amsgen.sty 1999/11/30 v2.0
\@emptytoks=\toks20
\ex@=\dimen103
))
(c:/texlive/2014/texmf-dist/tex/latex/amsmath/amsbsy.sty
Package: amsbsy 1999/11/29 v1.2d
\pmbraise@=\dimen104
)
(c:/texlive/2014/texmf-dist/tex/latex/amsmath/amsopn.sty
Package: amsopn 1999/12/14 v2.01 operator names
)
\inf@bad=\count88
LaTeX Info: Redefining \frac on input line 210.
\uproot@=\count89
\leftroot@=\count90
LaTeX Info: Redefining \overline on input line 306.
\classnum@=\count91
\DOTSCASE@=\count92
LaTeX Info: Redefining \ldots on input line 378.
LaTeX Info: Redefining \dots on input line 381.
LaTeX Info: Redefining \cdots on input line 466.
\Mathstrutbox@=\box26
\strutbox@=\box27
\big@size=\dimen105
LaTeX Font Info:    Redeclaring font encoding OML on input line 566.
LaTeX Font Info:    Redeclaring font encoding OMS on input line 567.
\macc@depth=\count93
\c@MaxMatrixCols=\count94
\dotsspace@=\muskip10
\c@parentequation=\count95
\dspbrk@lvl=\count96
\tag@help=\toks21
\row@=\count97
\column@=\count98
\maxfields@=\count99
\andhelp@=\toks22
\eqnshift@=\dimen106
\alignsep@=\dimen107
\tagshift@=\dimen108
\tagwidth@=\dimen109
\totwidth@=\dimen110
\lineht@=\dimen111
\@envbody=\toks23
\multlinegap=\skip47
\multlinetaggap=\skip48
\mathdisplay@stack=\toks24
LaTeX Info: Redefining \[ on input line 2665.
LaTeX Info: Redefining \] on input line 2666.
)
(c:/texlive/2014/texmf-dist/tex/latex/amsfonts/amssymb.sty
Package: amssymb 2013/01/14 v3.01 AMS font symbols

(c:/texlive/2014/texmf-dist/tex/latex/amsfonts/amsfonts.sty
Package: amsfonts 2013/01/14 v3.01 Basic AMSFonts support
\symAMSa=\mathgroup4
\symAMSb=\mathgroup5
LaTeX Font Info:    Overwriting math alphabet `\mathfrak' in version `bold'
(Font)                  U/euf/m/n --> U/euf/b/n on input line 106.
))
(c:/texlive/2014/texmf-dist/tex/latex/jknapltx/mathrsfs.sty
Package: mathrsfs 1996/01/01 Math RSFS package v1.0 (jk)
\symrsfs=\mathgroup6
)
(c:/texlive/2014/texmf-dist/tex/latex/hyperref/hyperref.sty
Package: hyperref 2012/11/06 v6.83m Hypertext links for LaTeX

(c:/texlive/2014/texmf-dist/tex/generic/oberdiek/hobsub-hyperref.sty
Package: hobsub-hyperref 2012/05/28 v1.13 Bundle oberdiek, subset hyperref (HO)


(c:/texlive/2014/texmf-dist/tex/generic/oberdiek/hobsub-generic.sty
Package: hobsub-generic 2012/05/28 v1.13 Bundle oberdiek, subset generic (HO)
Package: hobsub 2012/05/28 v1.13 Construct package bundles (HO)
Package: infwarerr 2010/04/08 v1.3 Providing info/warning/error messages (HO)
Package: ltxcmds 2011/11/09 v1.22 LaTeX kernel commands for general use (HO)
Package: ifluatex 2010/03/01 v1.3 Provides the ifluatex switch (HO)
Package ifluatex Info: LuaTeX not detected.
Package: ifvtex 2010/03/01 v1.5 Detect VTeX and its facilities (HO)
Package ifvtex Info: VTeX not detected.
Package: intcalc 2007/09/27 v1.1 Expandable calculations with integers (HO)
Package: ifpdf 2011/01/30 v2.3 Provides the ifpdf switch (HO)
Package ifpdf Info: pdfTeX in PDF mode is detected.
Package: etexcmds 2011/02/16 v1.5 Avoid name clashes with e-TeX commands (HO)
Package etexcmds Info: Could not find \expanded.
(etexcmds)             That can mean that you are not using pdfTeX 1.50 or
(etexcmds)             that some package has redefined \expanded.
(etexcmds)             In the latter case, load this package earlier.
Package: kvsetkeys 2012/04/25 v1.16 Key value parser (HO)
Package: kvdefinekeys 2011/04/07 v1.3 Define keys (HO)
Package: pdftexcmds 2011/11/29 v0.20 Utility functions of pdfTeX for LuaTeX (HO
)
Package pdftexcmds Info: LuaTeX not detected.
Package pdftexcmds Info: \pdf@primitive is available.
Package pdftexcmds Info: \pdf@ifprimitive is available.
Package pdftexcmds Info: \pdfdraftmode found.
Package: pdfescape 2011/11/25 v1.13 Implements pdfTeX's escape features (HO)
Package: bigintcalc 2012/04/08 v1.3 Expandable calculations on big integers (HO
)
Package: bitset 2011/01/30 v1.1 Handle bit-vector datatype (HO)
Package: uniquecounter 2011/01/30 v1.2 Provide unlimited unique counter (HO)
)
Package hobsub Info: Skipping package `hobsub' (already loaded).
Package: letltxmacro 2010/09/02 v1.4 Let assignment for LaTeX macros (HO)
Package: hopatch 2012/05/28 v1.2 Wrapper for package hooks (HO)
Package: xcolor-patch 2011/01/30 xcolor patch
Package: atveryend 2011/06/30 v1.8 Hooks at the very end of document (HO)
Package atveryend Info: \enddocument detected (standard20110627).
Package: atbegshi 2011/10/05 v1.16 At begin shipout hook (HO)
Package: refcount 2011/10/16 v3.4 Data extraction from label references (HO)
Package: hycolor 2011/01/30 v1.7 Color options for hyperref/bookmark (HO)
)
(c:/texlive/2014/texmf-dist/tex/latex/graphics/keyval.sty
Package: keyval 2014/10/28 v1.15 key=value parser (DPC)
\KV@toks@=\toks25
)
(c:/texlive/2014/texmf-dist/tex/generic/ifxetex/ifxetex.sty
Package: ifxetex 2010/09/12 v0.6 Provides ifxetex conditional
)
(c:/texlive/2014/texmf-dist/tex/latex/oberdiek/auxhook.sty
Package: auxhook 2011/03/04 v1.3 Hooks for auxiliary files (HO)
)
(c:/texlive/2014/texmf-dist/tex/latex/oberdiek/kvoptions.sty
Package: kvoptions 2011/06/30 v3.11 Key value format for package options (HO)
)
\@linkdim=\dimen112
\Hy@linkcounter=\count100
\Hy@pagecounter=\count101

(c:/texlive/2014/texmf-dist/tex/latex/hyperref/pd1enc.def
File: pd1enc.def 2012/11/06 v6.83m Hyperref: PDFDocEncoding definition (HO)
)
\Hy@SavedSpaceFactor=\count102

(c:/texlive/2014/texmf-dist/tex/latex/latexconfig/hyperref.cfg
File: hyperref.cfg 2002/06/06 v1.2 hyperref configuration of TeXLive
)
Package hyperref Info: Option `colorlinks' set `true' on input line 4319.
Package hyperref Info: Option `hyperindex' set `true' on input line 4319.
Package hyperref Info: Option `plainpages' set `false' on input line 4319.
Package hyperref Info: Option `pdfpagelabels' set `true' on input line 4319.
Package hyperref Info: Hyper figures OFF on input line 4443.
Package hyperref Info: Link nesting OFF on input line 4448.
Package hyperref Info: Hyper index ON on input line 4451.
Package hyperref Info: Plain pages OFF on input line 4458.
Package hyperref Info: Backreferencing OFF on input line 4463.
Package hyperref Info: Implicit mode ON; LaTeX internals redefined.
Package hyperref Info: Bookmarks ON on input line 4688.
\c@Hy@tempcnt=\count103

(c:/texlive/2014/texmf-dist/tex/latex/url/url.sty
\Urlmuskip=\muskip11
Package: url 2013/09/16  ver 3.4  Verb mode for urls, etc.
)
LaTeX Info: Redefining \url on input line 5041.
\XeTeXLinkMargin=\dimen113
\Fld@menulength=\count104
\Field@Width=\dimen114
\Fld@charsize=\dimen115
Package hyperref Info: Hyper figures OFF on input line 6295.
Package hyperref Info: Link nesting OFF on input line 6300.
Package hyperref Info: Hyper index ON on input line 6303.
Package hyperref Info: backreferencing OFF on input line 6310.
Package hyperref Info: Link coloring ON on input line 6313.
Package hyperref Info: Link coloring with OCG OFF on input line 6320.
Package hyperref Info: PDF/A mode OFF on input line 6325.
LaTeX Info: Redefining \ref on input line 6365.
LaTeX Info: Redefining \pageref on input line 6369.
\Hy@abspage=\count105
\c@Item=\count106
\c@Hfootnote=\count107
)

Package hyperref Message: Driver (autodetected): hpdftex.

(c:/texlive/2014/texmf-dist/tex/latex/hyperref/hpdftex.def
File: hpdftex.def 2012/11/06 v6.83m Hyperref driver for pdfTeX
\Fld@listcount=\count108
\c@bookmark@seq@number=\count109

(c:/texlive/2014/texmf-dist/tex/latex/oberdiek/rerunfilecheck.sty
Package: rerunfilecheck 2011/04/15 v1.7 Rerun checks for auxiliary files (HO)
Package uniquecounter Info: New unique counter `rerunfilecheck' on input line 2
82.
)
\Hy@SectionHShift=\skip49
)
(c:/texlive/2014/texmf-dist/tex/latex/doclicense/doclicense.sty
Package: doclicense 2015/04/06 v1.1 Support for putting documents under a licen
se

(c:/texlive/2014/texmf-dist/tex/latex/xifthen/xifthen.sty
Package: xifthen 2009/04/17 v1.3 Extended ifthen features

(c:/texlive/2014/texmf-dist/tex/latex/etex-pkg/etex.sty
Package: etex 2015/03/02 v2.1 eTeX basic definition package (PEB,DPC)
\et@xins=\count110
)
(c:/texlive/2014/texmf-dist/tex/latex/tools/calc.sty
Package: calc 2014/10/28 v4.3 Infix arithmetic (KKT,FJ)
\calc@Acount=\count111
\calc@Bcount=\count112
\calc@Adimen=\dimen116
\calc@Bdimen=\dimen117
\calc@Askip=\skip50
\calc@Bskip=\skip51
LaTeX Info: Redefining \setlength on input line 75.
LaTeX Info: Redefining \addtolength on input line 76.
\calc@Ccount=\count113
\calc@Cskip=\skip52
)
(c:/texlive/2014/texmf-dist/tex/latex/base/ifthen.sty
Package: ifthen 2014/09/29 v1.1c Standard LaTeX ifthen package (DPC)
)
(c:/texlive/2014/texmf-dist/tex/latex/ifmtarg/ifmtarg.sty
Package: ifmtarg 2009/09/02 v1.2a check for an empty argument
))
(c:/texlive/2014/texmf-dist/tex/latex/etoolbox/etoolbox.sty
Package: etoolbox 2015/03/19 v2.1d e-TeX tools for LaTeX (JAW)
\etb@tempcnta=\count114
)
(c:/texlive/2014/texmf-dist/tex/latex/tools/xspace.sty
Package: xspace 2014/10/28 v1.13 Space after command names (DPC,MH)
)
\doclicense@hsize=\skip53

(c:/texlive/2014/texmf-dist/tex/latex/doclicense/doclicense-english.ldf
File: doclicense-english.ldf 
))
\c@definition=\count115
\c@claim=\count116
\c@theorem=\count117
\c@lemma=\count118
\c@cor=\count119
\c@def1=\count120
\c@Def=\count121
\c@prop=\count122
\c@remark=\count123
\c@notation=\count124
\c@example=\count125
\c@conjecture=\count126
\c@examples=\count127
\@indexfile=\write3
\openout3 = `NumberTheory.idx'.


Writing index file NumberTheory.idx
(c:/texlive/2014/texmf-dist/tex/latex/csquotes/csquotes.sty
Package: csquotes 2011/10/22 v5.1d context-sensitive quotations
\csq@reset=\count128
\csq@gtype=\count129
\csq@glevel=\count130
\csq@qlevel=\count131
\csq@maxlvl=\count132
\csq@tshold=\count133
\csq@ltx@everypar=\toks26

(c:/texlive/2014/texmf-dist/tex/latex/csquotes/csquotes.def
File: csquotes.def 2011/10/22 v5.1d csquotes generic definitions
)
Package csquotes Info: Trying to load configuration file 'csquotes.cfg'...
Package csquotes Info: ... configuration file loaded successfully.

(c:/texlive/2014/texmf-dist/tex/latex/csquotes/csquotes.cfg
File: csquotes.cfg 
))
(c:/texlive/2014/texmf-dist/tex/latex/ccicons/ccicons.sty
Package: ccicons 2013/04/16 v1.5 LaTeX support for Creative Commons icons

(c:/texlive/2014/texmf-dist/tex/latex/xkeyval/xkeyval.sty
Package: xkeyval 2014/12/03 v2.7a package option processing (HA)

(c:/texlive/2014/texmf-dist/tex/generic/xkeyval/xkeyval.tex
(c:/texlive/2014/texmf-dist/tex/generic/xkeyval/xkvutils.tex
\XKV@toks=\toks27
\XKV@tempa@toks=\toks28
)
\XKV@depth=\count134
File: xkeyval.tex 2014/12/03 v2.7a key=value parser (HA)
)))
(c:/texlive/2014/texmf-dist/tex/latex/graphics/graphicx.sty
Package: graphicx 2014/10/28 v1.0g Enhanced LaTeX Graphics (DPC,SPQR)

(c:/texlive/2014/texmf-dist/tex/latex/graphics/graphics.sty
Package: graphics 2014/10/28 v1.0p Standard LaTeX Graphics (DPC,SPQR)

(c:/texlive/2014/texmf-dist/tex/latex/graphics/trig.sty
Package: trig 1999/03/16 v1.09 sin cos tan (DPC)
)
(c:/texlive/2014/texmf-dist/tex/latex/latexconfig/graphics.cfg
File: graphics.cfg 2010/04/23 v1.9 graphics configuration of TeX Live
)
Package graphics Info: Driver file: pdftex.def on input line 91.

(c:/texlive/2014/texmf-dist/tex/latex/pdftex-def/pdftex.def
File: pdftex.def 2011/05/27 v0.06d Graphics/color for pdfTeX
\Gread@gobject=\count135
))
\Gin@req@height=\dimen118
\Gin@req@width=\dimen119
)
(./NumberTheory.aux

LaTeX Warning: Label `1' multiply defined.


LaTeX Warning: Label `1' multiply defined.


LaTeX Warning: Label `Andrews' multiply defined.

)
\openout1 = `NumberTheory.aux'.

LaTeX Font Info:    Checking defaults for OML/cmm/m/it on input line 40.
LaTeX Font Info:    ... okay on input line 40.
LaTeX Font Info:    Checking defaults for T1/cmr/m/n on input line 40.
LaTeX Font Info:    ... okay on input line 40.
LaTeX Font Info:    Checking defaults for OT1/cmr/m/n on input line 40.
LaTeX Font Info:    ... okay on input line 40.
LaTeX Font Info:    Checking defaults for OMS/cmsy/m/n on input line 40.
LaTeX Font Info:    ... okay on input line 40.
LaTeX Font Info:    Checking defaults for OMX/cmex/m/n on input line 40.
LaTeX Font Info:    ... okay on input line 40.
LaTeX Font Info:    Checking defaults for U/cmr/m/n on input line 40.
LaTeX Font Info:    ... okay on input line 40.
LaTeX Font Info:    Checking defaults for PD1/pdf/m/n on input line 40.
LaTeX Font Info:    ... okay on input line 40.
LaTeX Font Info:    Try loading font information for OT1+ptm on input line 40.
 (c:/texlive/2014/texmf-dist/tex/latex/psnfss/ot1ptm.fd
File: ot1ptm.fd 2001/06/04 font definitions for OT1/ptm.
)
\AtBeginShipoutBox=\box28

(c:/texlive/2014/texmf-dist/tex/latex/graphics/color.sty
Package: color 2014/10/28 v1.1a Standard LaTeX Color (DPC)

(c:/texlive/2014/texmf-dist/tex/latex/latexconfig/color.cfg
File: color.cfg 2007/01/18 v1.5 color configuration of teTeX/TeXLive
)
Package color Info: Driver file: pdftex.def on input line 137.
)
Package hyperref Info: Link coloring ON on input line 40.

(c:/texlive/2014/texmf-dist/tex/latex/hyperref/nameref.sty
Package: nameref 2012/10/27 v2.43 Cross-referencing by name of section

(c:/texlive/2014/texmf-dist/tex/generic/oberdiek/gettitlestring.sty
Package: gettitlestring 2010/12/03 v1.4 Cleanup title references (HO)
)
\c@section@level=\count136
)
LaTeX Info: Redefining \ref on input line 40.
LaTeX Info: Redefining \pageref on input line 40.
LaTeX Info: Redefining \nameref on input line 40.

(./NumberTheory.out) (./NumberTheory.out)
\@outlinefile=\write4
\openout4 = `NumberTheory.out'.


(c:/texlive/2014/texmf-dist/tex/context/base/supp-pdf.mkii
[Loading MPS to PDF converter (version 2006.09.02).]
\scratchcounter=\count137
\scratchdimen=\dimen120
\scratchbox=\box29
\nofMPsegments=\count138
\nofMParguments=\count139
\everyMPshowfont=\toks29
\MPscratchCnt=\count140
\MPscratchDim=\dimen121
\MPnumerator=\count141
\makeMPintoPDFobject=\count142
\everyMPtoPDFconversion=\toks30
) (c:/texlive/2014/texmf-dist/tex/latex/oberdiek/epstopdf-base.sty
Package: epstopdf-base 2010/02/09 v2.5 Base part for package epstopdf

(c:/texlive/2014/texmf-dist/tex/latex/oberdiek/grfext.sty
Package: grfext 2010/08/19 v1.1 Manage graphics extensions (HO)
)
Package grfext Info: Graphics extension search list:
(grfext)             [.png,.pdf,.jpg,.mps,.jpeg,.jbig2,.jb2,.PNG,.PDF,.JPG,.JPE
G,.JBIG2,.JB2,.eps]
(grfext)             \AppendGraphicsExtensions on input line 452.

(c:/texlive/2014/texmf-dist/tex/latex/latexconfig/epstopdf-sys.cfg
File: epstopdf-sys.cfg 2010/07/13 v1.3 Configuration of (r)epstopdf for TeX Liv
e
))
LaTeX Font Info:    Try loading font information for U+msa on input line 42.

(c:/texlive/2014/texmf-dist/tex/latex/amsfonts/umsa.fd
File: umsa.fd 2013/01/14 v3.01 AMS symbols A
)
LaTeX Font Info:    Try loading font information for U+msb on input line 42.

(c:/texlive/2014/texmf-dist/tex/latex/amsfonts/umsb.fd
File: umsb.fd 2013/01/14 v3.01 AMS symbols B
)
LaTeX Font Info:    Try loading font information for U+rsfs on input line 42.

(c:/texlive/2014/texmf-dist/tex/latex/jknapltx/ursfs.fd
File: ursfs.fd 1998/03/24 rsfs font definition file (jk)
) [1


{c:/texlive/2014/texmf-var/fonts/map/pdftex/updmap/pdftex.map}]
LaTeX Font Info:    Font shape `OT1/ptm/bx/n' in size <12> not available
(Font)              Font shape `OT1/ptm/b/n' tried instead on input line 44.
 [1]
Overfull \hbox (8.38083pt too wide) in paragraph at lines 73--73
[]\OT1/ptm/m/n/12 Additionally, Sec-tion 3.2-\OT1/ptm/m/it/12 Divisibility Test
s \OT1/ptm/m/n/12 has been adapted from Ed-win Clark's
 []


Underfull \hbox (badness 1577) in paragraph at lines 76--76
[]\OT1/ptm/m/n/12 This work is li-censed un-der a [][]Cre-ative Com-
 []

<doclicense-CC-by-nc-sa.pdf, id=282, 121.45375pt x 43.16125pt>
File: doclicense-CC-by-nc-sa.pdf Graphic file (type pdf)

<use doclicense-CC-by-nc-sa.pdf>
Package pdftex.def Info: doclicense-CC-by-nc-sa.pdf used on input line 76.
(pdftex.def)             Requested size: 120.0pt x 42.64413pt.
 [2 <./doclicense-CC-by-nc-sa.pdf>]
LaTeX Font Info:    Font shape `OT1/ptm/bx/n' in size <24.88> not available
(Font)              Font shape `OT1/ptm/b/n' tried instead on input line 78.

(./NumberTheory.toc [3

] [4])
\tf@toc=\write5
\openout5 = `NumberTheory.toc'.

 [5] [6

]
Chapter 1.
pdfTeX warning (ext4): destination with the same identifier (name{page.1}) has 
been already used, duplicate ignored
<to be read again> 
                   \relax 
l.102 \newpage
               [1]
LaTeX Font Info:    Font shape `OT1/ptm/bx/n' in size <17.28> not available
(Font)              Font shape `OT1/ptm/b/n' tried instead on input line 104.

Underfull \hbox (badness 10000) in paragraph at lines 116--118

 []


Underfull \hbox (badness 10000) in paragraph at lines 143--145

 []

[2] [3]
Underfull \hbox (badness 10000) in paragraph at lines 177--181

 []


Underfull \hbox (badness 10000) in paragraph at lines 177--181

 []

LaTeX Font Info:    Font shape `OT1/ptm/bx/n' in size <14.4> not available
(Font)              Font shape `OT1/ptm/b/n' tried instead on input line 181.

Underfull \hbox (badness 10000) in paragraph at lines 183--184

 []

[4]
LaTeX Font Info:    Font shape `OT1/ptm/bx/it' in size <12> not available
(Font)              Font shape `OT1/ptm/b/it' tried instead on input line 208.

Overfull \hbox (20.0456pt too wide) has occurred while \output is active
\OT1/ptm/m/sl/12 1.2.  THE WELL ORDERING PRINCIPLE AND MATHEMATICAL INDUCTION \
OT1/ptm/m/n/12 5
 []

[5]
Underfull \hbox (badness 10000) in paragraph at lines 256--258

 []

[6]
Overfull \hbox (20.0456pt too wide) has occurred while \output is active
\OT1/ptm/m/sl/12 1.2.  THE WELL ORDERING PRINCIPLE AND MATHEMATICAL INDUCTION \
OT1/ptm/m/n/12 7
 []

[7]
Underfull \hbox (badness 10000) in paragraph at lines 369--370

 []

[8] [9] [10] [11] [12] [13]
Underfull \hbox (badness 10000) in paragraph at lines 564--568

 []

[14] [15] [16] [17] [18]
Underfull \hbox (badness 10000) in paragraph at lines 751--757

 []


Underfull \hbox (badness 10000) in paragraph at lines 751--757

 []


Underfull \hbox (badness 10000) in paragraph at lines 751--757

 []

[19] [20] [21]
Underfull \hbox (badness 10000) in paragraph at lines 825--826

 []


Underfull \hbox (badness 10000) in paragraph at lines 850--851

 []

[22] [23] [24] [25]
Underfull \hbox (badness 10000) in paragraph at lines 982--985

 []


Underfull \hbox (badness 10000) in paragraph at lines 985--990

 []

[26]
Chapter 2.
[27

]
Underfull \hbox (badness 10000) in paragraph at lines 1029--1031

 []

[28]
Underfull \hbox (badness 10000) in paragraph at lines 1079--1081

 []

[29] [30] [31] [32] [33] [34] [35] [36] [37] [38] [39]
Overfull \hbox (3.09628pt too wide) in paragraph at lines 1495--1497
[]\OT1/ptm/m/n/12 Find the least com-mon mul-ti-ple and the great-est com-mon d
i-vi-sor of $\OT1/cmr/m/n/12 2[]5[]7[]11$
 []

[40] [41] [42] [43] [44]

Package hyperref Warning: Token not allowed in a PDF string (PDFDocEncoding):
(hyperref)                removing `math shift' on input line 1633.


Package hyperref Warning: Token not allowed in a PDF string (PDFDocEncoding):
(hyperref)                removing `math shift' on input line 1633.


Package hyperref Warning: Token not allowed in a PDF string (PDFDocEncoding):
(hyperref)                removing `math shift' on input line 1633.


Package hyperref Warning: Token not allowed in a PDF string (PDFDocEncoding):
(hyperref)                removing `\sim' on input line 1633.


Package hyperref Warning: Token not allowed in a PDF string (PDFDocEncoding):
(hyperref)                removing `math shift' on input line 1633.


Underfull \hbox (badness 10000) in paragraph at lines 1634--1638

 []


Package hyperref Warning: Token not allowed in a PDF string (PDFDocEncoding):
(hyperref)                removing `math shift' on input line 1640.


Package hyperref Warning: Token not allowed in a PDF string (PDFDocEncoding):
(hyperref)                removing `math shift' on input line 1640.

[45] [46] [47]
Overfull \hbox (12.258pt too wide) in paragraph at lines 1738--1738
[]\OT1/ptm/b/n/17.28 Theorems and Con-jec-tures In-volv-ing Prime Num-
 []

[48]
Underfull \hbox (badness 10000) in paragraph at lines 1786--1790

 []

[49] [50

]
Chapter 3.
[51]
Overfull \hbox (2.06992pt too wide) in paragraph at lines 1853--1855
[]\OT1/ptm/m/n/12 There are many com-mon prop-er-ties be-tween equa-tions and c
on-gru-ences. Some
 []

[52] [53] [54] [55] [56] [57] [58] [59] [60] [61] [62]

Package hyperref Warning: Token not allowed in a PDF string (PDFDocEncoding):
(hyperref)                removing `math shift' on input line 2220.


Package hyperref Warning: Token not allowed in a PDF string (PDFDocEncoding):
(hyperref)                removing `\phi' on input line 2220.


Package hyperref Warning: Token not allowed in a PDF string (PDFDocEncoding):
(hyperref)                removing `math shift' on input line 2220.

[63]

Package hyperref Warning: Token not allowed in a PDF string (PDFDocEncoding):
(hyperref)                removing `math shift' on input line 2309.


Package hyperref Warning: Token not allowed in a PDF string (PDFDocEncoding):
(hyperref)                removing `\phi' on input line 2309.


Package hyperref Warning: Token not allowed in a PDF string (PDFDocEncoding):
(hyperref)                removing `math shift' on input line 2309.

[64] [65] [66] [67] [68] [69] [70] [71] [72] [73] [74] [75]
Overfull \hbox (0.80382pt too wide) in paragraph at lines 2728--2731
[]\OT1/ptm/m/n/12 Show that if $\OMS/cmsy/m/n/12 f\OML/cmm/m/it/12 a[]; a[]; ::
:; a[]\OMS/cmsy/m/n/12 g$ \OT1/ptm/m/n/12 is a re-duced residue sys-tem mod-ulo
 $\OML/cmm/m/it/12 m$\OT1/ptm/m/n/12 , where
 []

[76]
Chapter 4.
[77

]
Overfull \hbox (6.037pt too wide) in paragraph at lines 2768--2770
[][]\OT1/ptm/b/n/12 Definition 20. []\OT1/ptm/m/it/12 An arith-metic func-tion 
$\OML/cmm/m/it/12 f$ \OT1/ptm/m/it/12 is called mul-ti-plica-tive if $\OML/cmm/
m/it/12 f\OT1/cmr/m/n/12 (\OML/cmm/m/it/12 ab\OT1/cmr/m/n/12 ) = \OML/cmm/m/it/
12 f\OT1/cmr/m/n/12 (\OML/cmm/m/it/12 a\OT1/cmr/m/n/12 )\OML/cmm/m/it/12 f\OT1/
cmr/m/n/12 (\OML/cmm/m/it/12 b\OT1/cmr/m/n/12 )$
 []

[78] [79] [80] [81]

Package hyperref Warning: Token not allowed in a PDF string (PDFDocEncoding):
(hyperref)                removing `math shift' on input line 2904.


Package hyperref Warning: Token not allowed in a PDF string (PDFDocEncoding):
(hyperref)                removing `\phi' on input line 2904.


Package hyperref Warning: Token not allowed in a PDF string (PDFDocEncoding):
(hyperref)                removing `math shift' on input line 2904.

[82] [83] [84] [85] [86] [87] [88]
Overfull \hbox (26.4689pt too wide) in paragraph at lines 3187--3192
[][]\OT1/ptm/b/n/12 Definition 23. []$\OML/cmm/m/it/12 ^^V\OT1/cmr/m/n/12 (\OML
/cmm/m/it/12 n\OT1/cmr/m/n/12 ) = [] $ 
 []


Overfull \hbox (11.68076pt too wide) has occurred while \output is active
\OT1/ptm/m/sl/12 4.3.  THE MOBIUS FUNCTION AND THE MOBIUS INVERSION FORMULA \OT
1/ptm/m/n/12 89
 []

[89] [90]
Overfull \hbox (11.68076pt too wide) has occurred while \output is active
\OT1/ptm/m/sl/12 4.3.  THE MOBIUS FUNCTION AND THE MOBIUS INVERSION FORMULA \OT
1/ptm/m/n/12 91
 []

[91] [92] [93]
Overfull \hbox (21.40099pt too wide) in paragraph at lines 3418--3421
[]\OT1/ptm/m/n/12 The above the-o-rem mo-ti-vates the def-i-ni-tion of in-ter-e
st-ing num-bers called Mersenne
 []

[94] [95] [96]
Chapter 5.
[97

] [98] [99] [100] [101] [102] [103] [104] [105] [106] [107] [108] [109]
Underfull \hbox (badness 10000) in paragraph at lines 4096--4098

 []

[110] [111] [112]
Underfull \hbox (badness 10000) in paragraph at lines 4219--4221

 []

[113] [114]
Overfull \hbox (4.4827pt too wide) has occurred while \output is active
\OT1/ptm/m/sl/12 5.4.  INTRODUCTION TO QUADRATIC RESIDUES AND NONRESIDUES \OT1/
ptm/m/n/12 115
 []

[115] [116] [117] [118] [119] [120] [121] [122] [123] [124] [125] [126]
[127] [128] [129] [130

]
Chapter 6.

Underfull \vbox (badness 10000) has occurred while \output is active []

 [131]
Overfull \hbox (108.74536pt too wide) detected at line 4933
\OT1/cmr/m/n/12 [\OMS/cmsy/m/n/12 ^^@\OT1/cmr/m/n/12 2; 1\OML/cmm/m/it/12 ; \OT
1/cmr/m/n/12 3\OML/cmm/m/it/12 ; \OT1/cmr/m/n/12 5] = \OMS/cmsy/m/n/12 ^^@\OT1/
cmr/m/n/12 2 + 1\OML/cmm/m/it/12 =\OT1/cmr/m/n/12 (1 + 1\OML/cmm/m/it/12 =\OT1/
cmr/m/n/12 (3 + 1\OML/cmm/m/it/12 =\OT1/cmr/m/n/12 5)) = \OMS/cmsy/m/n/12 ^^@\O
T1/cmr/m/n/12 2 + 1\OML/cmm/m/it/12 =\OT1/cmr/m/n/12 (1 + 5\OML/cmm/m/it/12 =\O
T1/cmr/m/n/12 16) = \OMS/cmsy/m/n/12 ^^@\OT1/cmr/m/n/12 2 + 1\OML/cmm/m/it/12 =
\OT1/cmr/m/n/12 (21\OML/cmm/m/it/12 =\OT1/cmr/m/n/12 16) = \OMS/cmsy/m/n/12 ^^@
\OT1/cmr/m/n/12 2 + 16\OML/cmm/m/it/12 =\OT1/cmr/m/n/12 21 = \OMS/cmsy/m/n/12 ^
^@\OT1/cmr/m/n/12 26\OML/cmm/m/it/12 =\OT1/cmr/m/n/12 21
 []

[132] [133] [134] [135] [136]
Overfull \hbox (23.94101pt too wide) detected at line 5151
\OML/cmm/m/it/12 p[] \OT1/cmr/m/n/12 = \OML/cmm/m/it/12 a[]\OT1/cmr/m/n/12 (\OM
L/cmm/m/it/12 a[]p[] \OT1/cmr/m/n/12 + \OML/cmm/m/it/12 p[]\OT1/cmr/m/n/12 ) + 
\OML/cmm/m/it/12 a[]q[] \OT1/cmr/m/n/12 + \OML/cmm/m/it/12 q[] \OT1/cmr/m/n/12 
= \OML/cmm/m/it/12 a[]\OT1/cmr/m/n/12 (\OML/cmm/m/it/12 a[]p[] \OT1/cmr/m/n/12 
+ \OML/cmm/m/it/12 q[]\OT1/cmr/m/n/12 ) + (\OML/cmm/m/it/12 a[]p[] \OT1/cmr/m/n
/12 + \OML/cmm/m/it/12 q[]\OT1/cmr/m/n/12 ) = \OML/cmm/m/it/12 a[]p[] \OT1/cmr/
m/n/12 + \OML/cmm/m/it/12 p[]
 []

[137] [138] [139] [140] [141]
Overfull \hbox (48.87054pt too wide) detected at line 5412
[]
 []


Overfull \hbox (3.25397pt too wide) detected at line 5425
\OML/cmm/m/it/12  \OT1/cmr/m/n/12 = [1; 52\OML/cmm/m/it/12 ; \OT1/cmr/m/n/12 1
\OML/cmm/m/it/12 ; \OT1/cmr/m/n/12 53\OML/cmm/m/it/12 ; \OT1/cmr/m/n/12 2\OML/c
mm/m/it/12 ; \OT1/cmr/m/n/12 4\OML/cmm/m/it/12 ; \OT1/cmr/m/n/12 1\OML/cmm/m/it
/12 ; \OT1/cmr/m/n/12 2\OML/cmm/m/it/12 ; \OT1/cmr/m/n/12 1\OML/cmm/m/it/12 ; \
OT1/cmr/m/n/12 68110\OML/cmm/m/it/12 ; \OT1/cmr/m/n/12 4\OML/cmm/m/it/12 ; \OT1
/cmr/m/n/12 1\OML/cmm/m/it/12 ; \OT1/cmr/m/n/12 2\OML/cmm/m/it/12 ; \OT1/cmr/m/
n/12 106\OML/cmm/m/it/12 ; \OT1/cmr/m/n/12 22\OML/cmm/m/it/12 ; \OT1/cmr/m/n/12
 3\OML/cmm/m/it/12 ; \OT1/cmr/m/n/12 1\OML/cmm/m/it/12 ; \OT1/cmr/m/n/12 1\OML/
cmm/m/it/12 ; \OT1/cmr/m/n/12 10\OML/cmm/m/it/12 ; \OT1/cmr/m/n/12 2\OML/cmm/m/
it/12 ; \OT1/cmr/m/n/12 1\OML/cmm/m/it/12 ; \OT1/cmr/m/n/12 3\OML/cmm/m/it/12 ;
 \OT1/cmr/m/n/12 1\OML/cmm/m/it/12 ; \OT1/cmr/m/n/12 3\OML/cmm/m/it/12 ; \OT1/c
mr/m/n/12 4\OML/cmm/m/it/12 ; \OT1/cmr/m/n/12 2\OML/cmm/m/it/12 ; \OT1/cmr/m/n/
12 11]\OML/cmm/m/it/12 :
 []

[142]
Overfull \hbox (147.49226pt too wide) has occurred while \output is active
\OT1/ptm/m/sl/12 6.5.  A FORMULA OF GAUSS, A THEOREM OF KUZMIN AND L[]EVI AND A
 PROBLEM OF ARNOLD \OT1/ptm/m/n/12 143
 []

[143] [144]
Overfull \hbox (147.49226pt too wide) has occurred while \output is active
\OT1/ptm/m/sl/12 6.5.  A FORMULA OF GAUSS, A THEOREM OF KUZMIN AND L[]EVI AND A
 PROBLEM OF ARNOLD \OT1/ptm/m/n/12 145
 []

[145] [146

]
Chapter 7.

Underfull \hbox (badness 10000) in paragraph at lines 5560--5569

 []

[147]
Underfull \hbox (badness 10000) in paragraph at lines 5572--5576

 []

[148] [149] [150]
Overfull \hbox (0.68925pt too wide) in paragraph at lines 5700--5702
[]\OT1/ptm/m/n/12 We de-fine also the fol-low-ing func-tions, the last two func
-tions are called Cheby-
 []

[151] [152]
Overfull \hbox (32.23566pt too wide) has occurred while \output is active
\OT1/ptm/m/sl/12 7.3.  GETTING CLOSER TO THE PROOF OF THE PRIME NUMBER THEOREM 
\OT1/ptm/m/n/12 153
 []

[153] [154]
Overfull \hbox (32.23566pt too wide) has occurred while \output is active
\OT1/ptm/m/sl/12 7.3.  GETTING CLOSER TO THE PROOF OF THE PRIME NUMBER THEOREM 
\OT1/ptm/m/n/12 155
 []

[155] [156]
Overfull \hbox (32.23566pt too wide) has occurred while \output is active
\OT1/ptm/m/sl/12 7.3.  GETTING CLOSER TO THE PROOF OF THE PRIME NUMBER THEOREM 
\OT1/ptm/m/n/12 157
 []

[157] [158]
Overfull \hbox (32.23566pt too wide) has occurred while \output is active
\OT1/ptm/m/sl/12 7.3.  GETTING CLOSER TO THE PROOF OF THE PRIME NUMBER THEOREM 
\OT1/ptm/m/n/12 159
 []

[159] [160

]
Chapter 8.
[161] [162] [163] [164]
Overfull \hbox (3.65167pt too wide) in paragraph at lines 6219--6227
[]\OT1/ptm/m/n/12 In a pos-si-ble pro-ce-dure to con-struct the curve $\U/rsfs/
m/n/12 C[]\OT1/cmr/m/n/12 (\U/msb/m/n/12 Q\OT1/cmr/m/n/12 )$ \OT1/ptm/m/n/12 fo
r a poly-no-mial $\OML/cmm/m/it/12 f\OT1/cmr/m/n/12 (\OML/cmm/m/it/12 x; y\OT1/
cmr/m/n/12 ) \OMS/cmsy/m/n/12 2
 []

[165] [166]
Underfull \vbox (badness 1024) has occurred while \output is active []

 [167]
[168] [169] [170] [171] [172] [173] [174

]
Underfull \hbox (badness 10000) in paragraph at lines 6518--6520

 []


Underfull \hbox (badness 10000) in paragraph at lines 6520--6523

 []


Underfull \hbox (badness 10000) in paragraph at lines 6523--6525

 []


Underfull \hbox (badness 10000) in paragraph at lines 6525--6527

 []


Underfull \hbox (badness 10000) in paragraph at lines 6527--6529

 []


Underfull \hbox (badness 10000) in paragraph at lines 6529--6531

 []


Underfull \hbox (badness 10000) in paragraph at lines 6531--6534

 []

[175

pdfTeX warning (ext4): destination with the same identifier (name{cite.Andrews}
) has been already used, duplicate ignored

\AtBegShi@Output ...ipout \box \AtBeginShipoutBox 
                                                  \fi \fi 
l.6534 \bibitem{Edwards}
                         H.M. Edwards, \textit{Riemann's Zeta Function}, Dover,
]
Underfull \hbox (badness 10000) in paragraph at lines 6534--6536

 []


Underfull \hbox (badness 10000) in paragraph at lines 6536--6538

 []


Underfull \hbox (badness 10000) in paragraph at lines 6538--6541

 []


Underfull \hbox (badness 10000) in paragraph at lines 6541--6543

 []


Underfull \hbox (badness 10000) in paragraph at lines 6543--6548

 []


Underfull \hbox (badness 10000) in paragraph at lines 6548--6550

 []


Underfull \hbox (badness 10000) in paragraph at lines 6550--6552

 []


Underfull \hbox (badness 10000) in paragraph at lines 6552--6554

 []


Underfull \hbox (badness 10000) in paragraph at lines 6554--6556

 []

[176]
Underfull \hbox (badness 10000) in paragraph at lines 6556--6558

 []


Underfull \hbox (badness 10000) in paragraph at lines 6558--6561

 []


Underfull \hbox (badness 10000) in paragraph at lines 6561--6565

 []


Underfull \hbox (badness 10000) in paragraph at lines 6565--6567

 []


Underfull \hbox (badness 10000) in paragraph at lines 6567--6570

 []

[177] [178

] (./NumberTheory.ind
Overfull \hbox (2.23822pt too wide) in paragraph at lines 60--61
[]\OT1/ptm/m/n/12 Fundamental The-o-rem of Arith-metic, [][]34[][] 
 []

[179

] [180] [181

])
Package atveryend Info: Empty hook `BeforeClearDocument' on input line 6577.
Package atveryend Info: Empty hook `AfterLastShipout' on input line 6577.
 (./NumberTheory.aux)
Package atveryend Info: Executing hook `AtVeryEndDocument' on input line 6577.
Package atveryend Info: Executing hook `AtEndAfterFileList' on input line 6577.

Package rerunfilecheck Info: File `NumberTheory.out' has not changed.
(rerunfilecheck)             Checksum: CD80C8B18D484DCD2E67BD54C6481400;4942.


LaTeX Warning: There were multiply-defined labels.

Package atveryend Info: Empty hook `AtVeryVeryEnd' on input line 6577.
 ) 
Here is how much of TeX's memory you used:
 8646 strings out of 493109
 118951 string characters out of 6138581
 214113 words of memory out of 5000000
 11132 multiletter control sequences out of 15000+600000
 34422 words of font info for 85 fonts, out of 8000000 for 9000
 1141 hyphenation exceptions out of 8191
 32i,15n,46p,943b,542s stack positions out of 5000i,500n,10000p,200000b,80000s
{c:/texlive/2014/texmf-dist/fonts/enc/dvips/base/8r.enc}<c:/texlive/2014/texm
f-dist/fonts/type1/public/amsfonts/cm/cmbx12.pfb><c:/texlive/2014/texmf-dist/fo
nts/type1/public/amsfonts/cm/cmex10.pfb><c:/texlive/2014/texmf-dist/fonts/type1
/public/amsfonts/cmextra/cmex8.pfb><c:/texlive/2014/texmf-dist/fonts/type1/publ
ic/amsfonts/cm/cmmi12.pfb><c:/texlive/2014/texmf-dist/fonts/type1/public/amsfon
ts/cm/cmmi6.pfb><c:/texlive/2014/texmf-dist/fonts/type1/public/amsfonts/cm/cmmi
8.pfb><c:/texlive/2014/texmf-dist/fonts/type1/public/amsfonts/cm/cmr12.pfb><c:/
texlive/2014/texmf-dist/fonts/type1/public/amsfonts/cm/cmr17.pfb><c:/texlive/20
14/texmf-dist/fonts/type1/public/amsfonts/cm/cmr6.pfb><c:/texlive/2014/texmf-di
st/fonts/type1/public/amsfonts/cm/cmr8.pfb><c:/texlive/2014/texmf-dist/fonts/ty
pe1/public/amsfonts/cm/cmsy10.pfb><c:/texlive/2014/texmf-dist/fonts/type1/publi
c/amsfonts/cm/cmsy6.pfb><c:/texlive/2014/texmf-dist/fonts/type1/public/amsfonts
/cm/cmsy8.pfb><c:/texlive/2014/texmf-dist/fonts/type1/public/amsfonts/symbols/m
sbm10.pfb><c:/texlive/2014/texmf-dist/fonts/type1/public/rsfs/rsfs10.pfb><c:/te
xlive/2014/texmf-dist/fonts/type1/urw/times/utmb8a.pfb><c:/texlive/2014/texmf-d
ist/fonts/type1/urw/times/utmbi8a.pfb><c:/texlive/2014/texmf-dist/fonts/type1/u
rw/times/utmr8a.pfb><c:/texlive/2014/texmf-dist/fonts/type1/urw/times/utmr8a.pf
b><c:/texlive/2014/texmf-dist/fonts/type1/urw/times/utmri8a.pfb>
Output written on NumberTheory.pdf (188 pages, 625499 bytes).
PDF statistics:
 2201 PDF objects out of 2487 (max. 8388607)
 1970 compressed objects within 20 object streams
 829 named destinations out of 1000 (max. 500000)
 534 words of extra memory for PDF output out of 10000 (max. 10000000)

