\BOOKMARK [0][-]{chapter.1}{Introduction}{}% 1
\BOOKMARK [1][-]{section.1.1}{Algebraic Operations With Integers}{chapter.1}% 2
\BOOKMARK [1][-]{section.1.2}{The Well Ordering Principle and Mathematical Induction}{chapter.1}% 3
\BOOKMARK [2][-]{subsection.1.2.1}{The Well Ordering Principle}{section.1.2}% 4
\BOOKMARK [2][-]{subsection.1.2.2}{The Pigeonhole Principle}{section.1.2}% 5
\BOOKMARK [2][-]{subsection.1.2.3}{The Principle of Mathematical Induction}{section.1.2}% 6
\BOOKMARK [1][-]{section.1.3}{Divisibility and the Division Algorithm}{chapter.1}% 7
\BOOKMARK [2][-]{subsection.1.3.1}{Integer Divisibility}{section.1.3}% 8
\BOOKMARK [2][-]{subsection.1.3.2}{The Division Algorithm}{section.1.3}% 9
\BOOKMARK [1][-]{section.1.4}{Representations of Integers in Different Bases}{chapter.1}% 10
\BOOKMARK [1][-]{section.1.5}{The Greatest Common Divisor}{chapter.1}% 11
\BOOKMARK [1][-]{section.1.6}{The Euclidean Algorithm}{chapter.1}% 12
\BOOKMARK [1][-]{section.1.7}{Lame's Theorem}{chapter.1}% 13
\BOOKMARK [0][-]{chapter.2}{Prime Numbers}{}% 14
\BOOKMARK [1][-]{section.2.1}{The Sieve of Eratosthenes}{chapter.2}% 15
\BOOKMARK [1][-]{section.2.2}{The Infinitude of Primes}{chapter.2}% 16
\BOOKMARK [1][-]{section.2.3}{The Fundamental Theorem of Arithmetic}{chapter.2}% 17
\BOOKMARK [2][-]{subsection.2.3.1}{The Fundamental Theorem of Arithmetic}{section.2.3}% 18
\BOOKMARK [2][-]{subsection.2.3.2}{More on the Infinitude of Primes}{section.2.3}% 19
\BOOKMARK [1][-]{section.2.4}{Least Common Multiple}{chapter.2}% 20
\BOOKMARK [1][-]{section.2.5}{Linear Diophantine Equations}{chapter.2}% 21
\BOOKMARK [1][-]{section.2.6}{The Function [x] , the Symbols "O", "o" and ""}{chapter.2}% 22
\BOOKMARK [2][-]{subsection.2.6.1}{The Function [x]}{section.2.6}% 23
\BOOKMARK [2][-]{subsection.2.6.2}{The "O" and "o" Symbols}{section.2.6}% 24
\BOOKMARK [1][-]{section.2.7}{Theorems and Conjectures Involving Prime Numbers}{chapter.2}% 25
\BOOKMARK [0][-]{chapter.3}{Congruences}{}% 26
\BOOKMARK [1][-]{section.3.1}{Introduction to Congruences}{chapter.3}% 27
\BOOKMARK [1][-]{section.3.2}{Divisibility Tests}{chapter.3}% 28
\BOOKMARK [1][-]{section.3.3}{Residue Systems and Euler's -Function}{chapter.3}% 29
\BOOKMARK [2][-]{subsection.3.3.1}{Residue Systems}{section.3.3}% 30
\BOOKMARK [2][-]{subsection.3.3.2}{Euler's -Function}{section.3.3}% 31
\BOOKMARK [1][-]{section.3.4}{Linear Congruences}{chapter.3}% 32
\BOOKMARK [1][-]{section.3.5}{The Chinese Remainder Theorem}{chapter.3}% 33
\BOOKMARK [1][-]{section.3.6}{Theorems of Fermat, Euler, and Wilson}{chapter.3}% 34
\BOOKMARK [0][-]{chapter.4}{Multiplicative Number Theoretic Functions}{}% 35
\BOOKMARK [1][-]{section.4.1}{Definitions and Properties}{chapter.4}% 36
\BOOKMARK [1][-]{section.4.2}{Multiplicative Number Theoretic Functions}{chapter.4}% 37
\BOOKMARK [2][-]{subsection.4.2.1}{The Euler -Function}{section.4.2}% 38
\BOOKMARK [2][-]{subsection.4.2.2}{The Sum-of-Divisors Function}{section.4.2}% 39
\BOOKMARK [2][-]{subsection.4.2.3}{The Number-of-Divisors Function}{section.4.2}% 40
\BOOKMARK [1][-]{section.4.3}{The Mobius Function and the Mobius Inversion Formula}{chapter.4}% 41
\BOOKMARK [1][-]{section.4.4}{Perfect, Mersenne, and Fermat Numbers}{chapter.4}% 42
\BOOKMARK [0][-]{chapter.5}{Primitive Roots and Quadratic Residues}{}% 43
\BOOKMARK [1][-]{section.5.1}{The Order of Integers and Primitive Roots}{chapter.5}% 44
\BOOKMARK [1][-]{section.5.2}{Primitive Roots for Primes}{chapter.5}% 45
\BOOKMARK [1][-]{section.5.3}{The Existence of Primitive Roots}{chapter.5}% 46
\BOOKMARK [1][-]{section.5.4}{Introduction to Quadratic Residues and Nonresidues}{chapter.5}% 47
\BOOKMARK [1][-]{section.5.5}{Legendre Symbol}{chapter.5}% 48
\BOOKMARK [1][-]{section.5.6}{The Law of Quadratic Reciprocity}{chapter.5}% 49
\BOOKMARK [1][-]{section.5.7}{Jacobi Symbol}{chapter.5}% 50
\BOOKMARK [0][-]{chapter.6}{Introduction to Continued Fractions}{}% 51
\BOOKMARK [1][-]{section.6.1}{Basic Notations}{chapter.6}% 52
\BOOKMARK [1][-]{section.6.2}{Main Technical Tool}{chapter.6}% 53
\BOOKMARK [1][-]{section.6.3}{Very Good Approximation}{chapter.6}% 54
\BOOKMARK [1][-]{section.6.4}{An Application}{chapter.6}% 55
\BOOKMARK [1][-]{section.6.5}{A Formula of Gauss, a Theorem of Kuzmin and L\351vi and a Problem of Arnold}{chapter.6}% 56
\BOOKMARK [0][-]{chapter.7}{Introduction to Analytic Number Theory}{}% 57
\BOOKMARK [1][-]{section.7.1}{Introduction}{chapter.7}% 58
\BOOKMARK [1][-]{section.7.2}{Chebyshev's Functions}{chapter.7}% 59
\BOOKMARK [1][-]{section.7.3}{Getting Closer to the Proof of the Prime Number Theorem}{chapter.7}% 60
\BOOKMARK [0][-]{chapter.8}{Other Topics in Number Theory}{}% 61
\BOOKMARK [1][-]{section.8.1}{Cryptography}{chapter.8}% 62
\BOOKMARK [1][-]{section.8.2}{Elliptic Curves}{chapter.8}% 63
\BOOKMARK [1][-]{section.8.3}{The Riemann Zeta Function}{chapter.8}% 64
\BOOKMARK [0][-]{TOC.0}{Bibliography}{}% 65
\BOOKMARK [0][-]{Index.0}{Index}{}% 66
